the8.54.252.1251.06250.531250.2656250.13281250.06640625successUPDATE sensor_data SET `processed?`='1' WHERE `id`=5041468143715.5
the8.54.252.1251.06250.531250.2656250.13281250.06640625successUPDATE sensor_data SET `processed?`='1' WHERE `id`=5051468143715.9
the8.54.252.1251.06250.531250.2656250.13281250.06640625successUPDATE sensor_data SET `processed?`='1' WHERE `id`=5061468143718.65
the8.54.252.1251.06250.531250.2656250.13281250.06640625successUPDATE sensor_data SET `processed?`='1' WHERE `id`=5071468143730.21
the8.54.252.1251.06250.531250.2656250.13281250.06640625successUPDATE sensor_data SET `processed?`='1' WHERE `id`=5081468143730.84
the8.54.252.1251.06250.531250.2656250.13281250.06640625successUPDATE sensor_data SET `processed?`='1' WHERE `id`=5091468143731.96
the8.54.252.1251.06250.531250.2656250.13281250.06640625successUPDATE sensor_data SET `processed?`='1' WHERE `id`=5101468143733.66
the8.54.252.1251.06250.531250.2656250.13281250.06640625successUPDATE sensor_data SET `processed?`='1' WHERE `id`=5111468143734.04
the8.54.252.1251.06250.531250.2656250.13281250.06640625successUPDATE sensor_data SET `processed?`='1' WHERE `id`=5121468143735.8
the8.54.252.1251.06250.531250.2656250.13281250.06640625successUPDATE sensor_data SET `processed?`='1' WHERE `id`=5131468143740.38
<br />
<b>Warning</b>:  gmp_pow(): Negative exponent not supported in <b>/var/www/html/orokonui/resource/datahandling/submit.php</b> on line <b>187</b><br />
the8.54.252.1251.06250.531250.2656250.13281250.06640625successUPDATE sensor_data SET `processed?`='1' WHERE `id`=5141468143741.44
the8.54.252.1251.06250.531250.2656250.13281250.06640625successUPDATE sensor_data SET `processed?`='1' WHERE `id`=5151468143748.19
the8.54.252.1251.06250.531250.2656250.13281250.06640625successUPDATE sensor_data SET `processed?`='1' WHERE `id`=5161468143749.22
<br />
<b>Warning</b>:  gmp_pow(): Negative exponent not supported in <b>/var/www/html/orokonui/resource/datahandling/submit.php</b> on line <b>187</b><br />
the8.54.252.1251.06250.531250.2656250.13281250.06640625successUPDATE sensor_data SET `processed?`='1' WHERE `id`=5171468143751.19
the8.54.252.1251.06250.531250.2656250.13281250.06640625successUPDATE sensor_data SET `processed?`='1' WHERE `id`=5181468143752.49
the8.54.252.1251.06250.531250.2656250.13281250.06640625successUPDATE sensor_data SET `processed?`='1' WHERE `id`=5191468143768.46
the8.54.252.1251.06250.531250.2656250.13281250.06640625successUPDATE sensor_data SET `processed?`='1' WHERE `id`=5201468143769.33
the8.54.252.1251.06250.531250.2656250.13281250.06640625successUPDATE sensor_data SET `processed?`='1' WHERE `id`=5211468143770.24
the8.54.252.1251.06250.531250.2656250.13281250.06640625successUPDATE sensor_data SET `processed?`='1' WHERE `id`=5221468143773.12
the8.54.252.1251.06250.531250.2656250.13281250.06640625successUPDATE sensor_data SET `processed?`='1' WHERE `id`=5231468143774.09
the8.54.252.1251.06250.531250.2656250.13281250.06640625successUPDATE sensor_data SET `processed?`='1' WHERE `id`=5241468143774.82
the8.54.252.1251.06250.531250.2656250.13281250.06640625successUPDATE sensor_data SET `processed?`='1' WHERE `id`=5251468143775.64
the8.54.252.1251.06250.531250.2656250.13281250.06640625successUPDATE sensor_data SET `processed?`='1' WHERE `id`=5261468143777.85
the8.54.252.1251.06250.531250.2656250.13281250.06640625successUPDATE sensor_data SET `processed?`='1' WHERE `id`=5271468143781.42
the8.54.252.1251.06250.531250.2656250.13281250.06640625successUPDATE sensor_data SET `processed?`='1' WHERE `id`=5281468143783.17
the8.54.252.1251.06250.531250.2656250.13281250.06640625successUPDATE sensor_data SET `processed?`='1' WHERE `id`=5291468143784.2
the8.54.252.1251.06250.531250.2656250.13281250.06640625successUPDATE sensor_data SET `processed?`='1' WHERE `id`=5301468143786.97
the8.54.252.1251.06250.531250.2656250.13281250.06640625successUPDATE sensor_data SET `processed?`='1' WHERE `id`=5311468143787.29
the8.54.252.1251.06250.531250.2656250.13281250.06640625successUPDATE sensor_data SET `processed?`='1' WHERE `id`=5321468143788.3
the8.54.252.1251.06250.531250.2656250.13281250.06640625successUPDATE sensor_data SET `processed?`='1' WHERE `id`=5331468143789.12
the8.54.252.1251.06250.531250.2656250.13281250.06640625successUPDATE sensor_data SET `processed?`='1' WHERE `id`=5341468143791.34
the8.54.252.1251.06250.531250.2656250.13281250.06640625successUPDATE sensor_data SET `processed?`='1' WHERE `id`=5351468143792.93
the8.54.252.1251.06250.531250.2656250.13281250.06640625successUPDATE sensor_data SET `processed?`='1' WHERE `id`=5361468143794.06
the8.54.252.1251.06250.531250.2656250.13281250.06640625successUPDATE sensor_data SET `processed?`='1' WHERE `id`=5371468143794.36
the41.520.7510.3755.18752.593751.2968750.64843750.32421875successUPDATE sensor_data SET `processed?`='1' WHERE `id`=5381468148746.32
the41.520.7510.3755.18752.593751.2968750.64843750.32421875successUPDATE sensor_data SET `processed?`='1' WHERE `id`=5391468148748.43
the41.520.7510.3755.18752.593751.2968750.64843750.32421875successUPDATE sensor_data SET `processed?`='1' WHERE `id`=5401468148749.2
the41.520.7510.3755.18752.593751.2968750.64843750.32421875successUPDATE sensor_data SET `processed?`='1' WHERE `id`=5411468148750.13
the41.520.7510.3755.18752.593751.2968750.64843750.32421875successUPDATE sensor_data SET `processed?`='1' WHERE `id`=5421468148750.35
the41.520.7510.3755.18752.593751.2968750.64843750.32421875successUPDATE sensor_data SET `processed?`='1' WHERE `id`=5431468148751.26
the41.520.7510.3755.18752.593751.2968750.64843750.32421875successUPDATE sensor_data SET `processed?`='1' WHERE `id`=5441468148751.97
the41.520.7510.3755.18752.593751.2968750.64843750.32421875successUPDATE sensor_data SET `processed?`='1' WHERE `id`=5451468148752.38
the41.520.7510.3755.18752.593751.2968750.64843750.32421875successUPDATE sensor_data SET `processed?`='1' WHERE `id`=5461468148754.88
the41.520.7510.3755.18752.593751.2968750.64843750.32421875successUPDATE sensor_data SET `processed?`='1' WHERE `id`=5471468148755.26
the41.520.7510.3755.18752.593751.2968750.64843750.32421875successUPDATE sensor_data SET `processed?`='1' WHERE `id`=5481468148757.37
the52.526.2513.1256.56253.281251.6406250.82031250.41015625successUPDATE sensor_data SET `processed?`='1' WHERE `id`=5491468148757.79
the52.526.2513.1256.56253.281251.6406250.82031250.41015625successUPDATE sensor_data SET `processed?`='1' WHERE `id`=5501468148760.43
the52.526.2513.1256.56253.281251.6406250.82031250.41015625successUPDATE sensor_data SET `processed?`='1' WHERE `id`=5511468148770.51
the52.526.2513.1256.56253.281251.6406250.82031250.41015625successUPDATE sensor_data SET `processed?`='1' WHERE `id`=5521468148773.42
the41.520.7510.3755.18752.593751.2968750.64843750.32421875successUPDATE sensor_data SET `processed?`='1' WHERE `id`=5531468149103.96
the41.520.7510.3755.18752.593751.2968750.64843750.32421875successUPDATE sensor_data SET `processed?`='1' WHERE `id`=5541468149104.85
the41.520.7510.3755.18752.593751.2968750.64843750.32421875successUPDATE sensor_data SET `processed?`='1' WHERE `id`=5551468149105.9
the41.520.7510.3755.18752.593751.2968750.64843750.32421875successUPDATE sensor_data SET `processed?`='1' WHERE `id`=5561468149108.67
the41.520.7510.3755.18752.593751.2968750.64843750.32421875successUPDATE sensor_data SET `processed?`='1' WHERE `id`=5571468149109.98
the41.520.7510.3755.18752.593751.2968750.64843750.32421875successUPDATE sensor_data SET `processed?`='1' WHERE `id`=5581468149110.84
<br />
<b>Warning</b>:  gmp_pow(): Negative exponent not supported in <b>/var/www/html/orokonui/resource/datahandling/submit.php</b> on line <b>187</b><br />
the52.526.2513.1256.56253.281251.6406250.82031250.41015625successUPDATE sensor_data SET `processed?`='1' WHERE `id`=5591468149122.04
the52.526.2513.1256.56253.281251.6406250.82031250.41015625successUPDATE sensor_data SET `processed?`='1' WHERE `id`=5601468149123.51
the52.526.2513.1256.56253.281251.6406250.82031250.41015625successUPDATE sensor_data SET `processed?`='1' WHERE `id`=5611468149127.79
the00000000successUPDATE sensor_data SET `processed?`='1' WHERE `id`=5621468149172.57
the52.526.2513.1256.56253.281251.6406250.82031250.41015625successUPDATE sensor_data SET `processed?`='1' WHERE `id`=5631468149209.91
the52.526.2513.1256.56253.281251.6406250.82031250.41015625successUPDATE sensor_data SET `processed?`='1' WHERE `id`=5641468149225.74
the52.526.2513.1256.56253.281251.6406250.82031250.41015625successUPDATE sensor_data SET `processed?`='1' WHERE `id`=5651468149234.38
the52.526.2513.1256.56253.281251.6406250.82031250.41015625successUPDATE sensor_data SET `processed?`='1' WHERE `id`=5661468149241.57
the52.526.2513.1256.56253.281251.6406250.82031250.41015625successUPDATE sensor_data SET `processed?`='1' WHERE `id`=5671468149258.89
the00000000successUPDATE sensor_data SET `processed?`='1' WHERE `id`=5681468186239.1
the1206030157.53.751.8750.9375successUPDATE sensor_data SET `processed?`='1' WHERE `id`=5691468188115.89
the1206030157.53.751.8750.9375successUPDATE sensor_data SET `processed?`='1' WHERE `id`=5701468188120.19
the00000000successUPDATE sensor_data SET `processed?`='1' WHERE `id`=5711468188241.69
the00000000successUPDATE sensor_data SET `processed?`='1' WHERE `id`=5721468188253.93
the41.520.7510.3755.18752.593751.2968750.64843750.32421875successUPDATE sensor_data SET `processed?`='1' WHERE `id`=5731468277372.36
the41.520.7510.3755.18752.593751.2968750.64843750.32421875successUPDATE sensor_data SET `processed?`='1' WHERE `id`=5741468277374.05
<br />
<b>Warning</b>:  gmp_pow(): Negative exponent not supported in <b>/var/www/html/orokonui/resource/datahandling/submit.php</b> on line <b>187</b><br />
the41.520.7510.3755.18752.593751.2968750.64843750.32421875successUPDATE sensor_data SET `processed?`='1' WHERE `id`=5751468277374.82
the41.520.7510.3755.18752.593751.2968750.64843750.32421875successUPDATE sensor_data SET `processed?`='1' WHERE `id`=5761468277375.17
the41.520.7510.3755.18752.593751.2968750.64843750.32421875successUPDATE sensor_data SET `processed?`='1' WHERE `id`=5771468277376.26
<br />
<b>Warning</b>:  gmp_pow(): Negative exponent not supported in <b>/var/www/html/orokonui/resource/datahandling/submit.php</b> on line <b>187</b><br />
the41.520.7510.3755.18752.593751.2968750.64843750.32421875successUPDATE sensor_data SET `processed?`='1' WHERE `id`=5781468277508.31
the41.520.7510.3755.18752.593751.2968750.64843750.32421875successUPDATE sensor_data SET `processed?`='1' WHERE `id`=5791468277510.78
the41.520.7510.3755.18752.593751.2968750.64843750.32421875successUPDATE sensor_data SET `processed?`='1' WHERE `id`=5801468277511.42
the41.520.7510.3755.18752.593751.2968750.64843750.32421875successUPDATE sensor_data SET `processed?`='1' WHERE `id`=5811468277513.71
the41.520.7510.3755.18752.593751.2968750.64843750.32421875successUPDATE sensor_data SET `processed?`='1' WHERE `id`=5821468277515.71
<br />
<b>Warning</b>:  gmp_pow(): Negative exponent not supported in <b>/var/www/html/orokonui/resource/datahandling/submit.php</b> on line <b>187</b><br />
the41.520.7510.3755.18752.593751.2968750.64843750.32421875successUPDATE sensor_data SET `processed?`='1' WHERE `id`=5831468277516.01
the41.520.7510.3755.18752.593751.2968750.64843750.32421875successUPDATE sensor_data SET `processed?`='1' WHERE `id`=5841468277516.33
the41.520.7510.3755.18752.593751.2968750.64843750.32421875successUPDATE sensor_data SET `processed?`='1' WHERE `id`=5851468277518.2
the41.520.7510.3755.18752.593751.2968750.64843750.32421875successUPDATE sensor_data SET `processed?`='1' WHERE `id`=5861468277521.14
the41.520.7510.3755.18752.593751.2968750.64843750.32421875successUPDATE sensor_data SET `processed?`='1' WHERE `id`=5871468277699.83
the41.520.7510.3755.18752.593751.2968750.64843750.32421875successUPDATE sensor_data SET `processed?`='1' WHERE `id`=5881468277700.38
the41.520.7510.3755.18752.593751.2968750.64843750.32421875successUPDATE sensor_data SET `processed?`='1' WHERE `id`=5891468277701.59
the41.520.7510.3755.18752.593751.2968750.64843750.32421875successUPDATE sensor_data SET `processed?`='1' WHERE `id`=5901468277702.43
<br />
<b>Warning</b>:  gmp_pow(): Negative exponent not supported in <b>/var/www/html/orokonui/resource/datahandling/submit.php</b> on line <b>187</b><br />
the41.520.7510.3755.18752.593751.2968750.64843750.32421875successUPDATE sensor_data SET `processed?`='1' WHERE `id`=5911468277703.42
the41.520.7510.3755.18752.593751.2968750.64843750.32421875successUPDATE sensor_data SET `processed?`='1' WHERE `id`=5921468277703.96
the41.520.7510.3755.18752.593751.2968750.64843750.32421875successUPDATE sensor_data SET `processed?`='1' WHERE `id`=5931468277706.32
the41.520.7510.3755.18752.593751.2968750.64843750.32421875successUPDATE sensor_data SET `processed?`='1' WHERE `id`=5941468277706.99
<br />
<b>Warning</b>:  gmp_pow(): Negative exponent not supported in <b>/var/www/html/orokonui/resource/datahandling/submit.php</b> on line <b>187</b><br />
the41.520.7510.3755.18752.593751.2968750.64843750.32421875successUPDATE sensor_data SET `processed?`='1' WHERE `id`=5951468277707.32
the41.520.7510.3755.18752.593751.2968750.64843750.32421875successUPDATE sensor_data SET `processed?`='1' WHERE `id`=5961468277708.31
the41.520.7510.3755.18752.593751.2968750.64843750.32421875successUPDATE sensor_data SET `processed?`='1' WHERE `id`=5971468277708.68
the41.520.7510.3755.18752.593751.2968750.64843750.32421875successUPDATE sensor_data SET `processed?`='1' WHERE `id`=5981468277709.28
the41.520.7510.3755.18752.593751.2968750.64843750.32421875successUPDATE sensor_data SET `processed?`='1' WHERE `id`=5991468277709.65
the41.520.7510.3755.18752.593751.2968750.64843750.32421875successUPDATE sensor_data SET `processed?`='1' WHERE `id`=6001468277710.22
the41.520.7510.3755.18752.593751.2968750.64843750.32421875successUPDATE sensor_data SET `processed?`='1' WHERE `id`=6011468277830.12
the41.520.7510.3755.18752.593751.2968750.64843750.32421875successUPDATE sensor_data SET `processed?`='1' WHERE `id`=6021468277830.73
the41.520.7510.3755.18752.593751.2968750.64843750.32421875successUPDATE sensor_data SET `processed?`='1' WHERE `id`=6031468277883.8
the41.520.7510.3755.18752.593751.2968750.64843750.32421875successUPDATE sensor_data SET `processed?`='1' WHERE `id`=6041468277884.58
the41.520.7510.3755.18752.593751.2968750.64843750.32421875successUPDATE sensor_data SET `processed?`='1' WHERE `id`=6051468277885.12
the41.520.7510.3755.18752.593751.2968750.64843750.32421875successUPDATE sensor_data SET `processed?`='1' WHERE `id`=6061468277885.82
the41.520.7510.3755.18752.593751.2968750.64843750.32421875successUPDATE sensor_data SET `processed?`='1' WHERE `id`=6071468277886.24
the41.520.7510.3755.18752.593751.2968750.64843750.32421875successUPDATE sensor_data SET `processed?`='1' WHERE `id`=6081468277886.54
the41.520.7510.3755.18752.593751.2968750.64843750.32421875successUPDATE sensor_data SET `processed?`='1' WHERE `id`=6091468277887.61
the41.520.7510.3755.18752.593751.2968750.64843750.32421875successUPDATE sensor_data SET `processed?`='1' WHERE `id`=6101468277888.6
the41.520.7510.3755.18752.593751.2968750.64843750.32421875successUPDATE sensor_data SET `processed?`='1' WHERE `id`=6111468277888.99
the41.520.7510.3755.18752.593751.2968750.64843750.32421875successUPDATE sensor_data SET `processed?`='1' WHERE `id`=6121468277959.87
the41.520.7510.3755.18752.593751.2968750.64843750.32421875successUPDATE sensor_data SET `processed?`='1' WHERE `id`=6131468277960.62
the41.520.7510.3755.18752.593751.2968750.64843750.32421875successUPDATE sensor_data SET `processed?`='1' WHERE `id`=6141468277964.45
the49.524.7512.3756.18753.093751.5468750.77343750.38671875successUPDATE sensor_data SET `processed?`='1' WHERE `id`=6151468277965.26
the41.520.7510.3755.18752.593751.2968750.64843750.32421875successUPDATE sensor_data SET `processed?`='1' WHERE `id`=6161468277965.51
the41.520.7510.3755.18752.593751.2968750.64843750.32421875successUPDATE sensor_data SET `processed?`='1' WHERE `id`=6171468277966.04
the41.520.7510.3755.18752.593751.2968750.64843750.32421875successUPDATE sensor_data SET `processed?`='1' WHERE `id`=6181468277966.43
the49.524.7512.3756.18753.093751.5468750.77343750.38671875successUPDATE sensor_data SET `processed?`='1' WHERE `id`=6191468277967.57
the41.520.7510.3755.18752.593751.2968750.64843750.32421875successUPDATE sensor_data SET `processed?`='1' WHERE `id`=6201468277968.95
the41.520.7510.3755.18752.593751.2968750.64843750.32421875successUPDATE sensor_data SET `processed?`='1' WHERE `id`=6211468277970.85
the41.520.7510.3755.18752.593751.2968750.64843750.32421875successUPDATE sensor_data SET `processed?`='1' WHERE `id`=6221468277974.45
<br />
<b>Warning</b>:  gmp_pow(): Negative exponent not supported in <b>/var/www/html/orokonui/resource/datahandling/submit.php</b> on line <b>187</b><br />
the41.520.7510.3755.18752.593751.2968750.64843750.32421875successUPDATE sensor_data SET `processed?`='1' WHERE `id`=6231468277975.22
the582914.57.253.6251.81250.906250.453125successUPDATE sensor_data SET `processed?`='1' WHERE `id`=6241468278310.76
the582914.57.253.6251.81250.906250.453125successUPDATE sensor_data SET `processed?`='1' WHERE `id`=6251468279518.57
the8.54.252.1251.06250.531250.2656250.13281250.06640625successUPDATE sensor_data SET `processed?`='1' WHERE `id`=6261468281685.1
the8.54.252.1251.06250.531250.2656250.13281250.06640625successUPDATE sensor_data SET `processed?`='1' WHERE `id`=6271468281686.05
the8.54.252.1251.06250.531250.2656250.13281250.06640625successUPDATE sensor_data SET `processed?`='1' WHERE `id`=6281468281686.72
the8.54.252.1251.06250.531250.2656250.13281250.06640625successUPDATE sensor_data SET `processed?`='1' WHERE `id`=6291468281687.09
the8.54.252.1251.06250.531250.2656250.13281250.06640625successUPDATE sensor_data SET `processed?`='1' WHERE `id`=6301468281687.55
the8.54.252.1251.06250.531250.2656250.13281250.06640625successUPDATE sensor_data SET `processed?`='1' WHERE `id`=6311468281688.08
the8.54.252.1251.06250.531250.2656250.13281250.06640625successUPDATE sensor_data SET `processed?`='1' WHERE `id`=6321468281705.54
the8.54.252.1251.06250.531250.2656250.13281250.06640625successUPDATE sensor_data SET `processed?`='1' WHERE `id`=6331468281706.54
the8.54.252.1251.06250.531250.2656250.13281250.06640625successUPDATE sensor_data SET `processed?`='1' WHERE `id`=6341468281707.79
the8.54.252.1251.06250.531250.2656250.13281250.06640625successUPDATE sensor_data SET `processed?`='1' WHERE `id`=6351468281708.1
the8.54.252.1251.06250.531250.2656250.13281250.06640625successUPDATE sensor_data SET `processed?`='1' WHERE `id`=6361468281709.5
the8.54.252.1251.06250.531250.2656250.13281250.06640625successUPDATE sensor_data SET `processed?`='1' WHERE `id`=6371468281717.01
the8.54.252.1251.06250.531250.2656250.13281250.06640625successUPDATE sensor_data SET `processed?`='1' WHERE `id`=6381468281719.27
the8.54.252.1251.06250.531250.2656250.13281250.06640625successUPDATE sensor_data SET `processed?`='1' WHERE `id`=6391468281719.52
the8.54.252.1251.06250.531250.2656250.13281250.06640625successUPDATE sensor_data SET `processed?`='1' WHERE `id`=6401468281719.82
the8.54.252.1251.06250.531250.2656250.13281250.06640625successUPDATE sensor_data SET `processed?`='1' WHERE `id`=6411468281721.53
the8.54.252.1251.06250.531250.2656250.13281250.06640625successUPDATE sensor_data SET `processed?`='1' WHERE `id`=6421468281728.67
the8.54.252.1251.06250.531250.2656250.13281250.06640625successUPDATE sensor_data SET `processed?`='1' WHERE `id`=6431468281729.38
the8.54.252.1251.06250.531250.2656250.13281250.06640625successUPDATE sensor_data SET `processed?`='1' WHERE `id`=6441468281733.64
the8.54.252.1251.06250.531250.2656250.13281250.06640625successUPDATE sensor_data SET `processed?`='1' WHERE `id`=6451468281733.96
the8.54.252.1251.06250.531250.2656250.13281250.06640625successUPDATE sensor_data SET `processed?`='1' WHERE `id`=6461468281734.23
the8.54.252.1251.06250.531250.2656250.13281250.06640625successUPDATE sensor_data SET `processed?`='1' WHERE `id`=6471468281742.06
the8.54.252.1251.06250.531250.2656250.13281250.06640625successUPDATE sensor_data SET `processed?`='1' WHERE `id`=6481468281742.91
the8.54.252.1251.06250.531250.2656250.13281250.06640625successUPDATE sensor_data SET `processed?`='1' WHERE `id`=6491468281968.15
the52.526.2513.1256.56253.281251.6406250.82031250.41015625successUPDATE sensor_data SET `processed?`='1' WHERE `id`=6501468282005.14
<br />
<b>Warning</b>:  gmp_pow(): Negative exponent not supported in <b>/var/www/html/orokonui/resource/datahandling/submit.php</b> on line <b>187</b><br />
the52.526.2513.1256.56253.281251.6406250.82031250.41015625successUPDATE sensor_data SET `processed?`='1' WHERE `id`=6511468282007.88
the52.526.2513.1256.56253.281251.6406250.82031250.41015625successUPDATE sensor_data SET `processed?`='1' WHERE `id`=6521468282015.18
the52.526.2513.1256.56253.281251.6406250.82031250.41015625successUPDATE sensor_data SET `processed?`='1' WHERE `id`=6531468282030.65
the52.526.2513.1256.56253.281251.6406250.82031250.41015625successUPDATE sensor_data SET `processed?`='1' WHERE `id`=6541468282032.07
the52.526.2513.1256.56253.281251.6406250.82031250.41015625successUPDATE sensor_data SET `processed?`='1' WHERE `id`=6551468282352.93
the00000000successUPDATE sensor_data SET `processed?`='1' WHERE `id`=6561468283042.54
the00000000successUPDATE sensor_data SET `processed?`='1' WHERE `id`=6571468283059.84
the00000000successUPDATE sensor_data SET `processed?`='1' WHERE `id`=6581468283062.84
the00000000successUPDATE sensor_data SET `processed?`='1' WHERE `id`=6591468283063.22
the00000000successUPDATE sensor_data SET `processed?`='1' WHERE `id`=6601468283063.8
the00000000successUPDATE sensor_data SET `processed?`='1' WHERE `id`=6611468283426.91
the00000000successUPDATE sensor_data SET `processed?`='1' WHERE `id`=6621468283427.93
the00000000successUPDATE sensor_data SET `processed?`='1' WHERE `id`=6631468283429.79
the00000000successUPDATE sensor_data SET `processed?`='1' WHERE `id`=6641468283430.64
the00000000successUPDATE sensor_data SET `processed?`='1' WHERE `id`=6651468283430.87
the00000000successUPDATE sensor_data SET `processed?`='1' WHERE `id`=6661468283431.62
the00000000successUPDATE sensor_data SET `processed?`='1' WHERE `id`=6671468283431.84
the00000000successUPDATE sensor_data SET `processed?`='1' WHERE `id`=6681468283432.06
the00000000successUPDATE sensor_data SET `processed?`='1' WHERE `id`=6691468283432.44
the00000000successUPDATE sensor_data SET `processed?`='1' WHERE `id`=6701468283433.01
the00000000successUPDATE sensor_data SET `processed?`='1' WHERE `id`=6711468283434.14
the00000000successUPDATE sensor_data SET `processed?`='1' WHERE `id`=6721468283434.59
the00000000successUPDATE sensor_data SET `processed?`='1' WHERE `id`=6731468283450.51
the00000000successUPDATE sensor_data SET `processed?`='1' WHERE `id`=6741468283451.34
the00000000successUPDATE sensor_data SET `processed?`='1' WHERE `id`=6751468283452.08
<br />
<b>Warning</b>:  gmp_pow(): Negative exponent not supported in <b>/var/www/html/orokonui/resource/datahandling/submit.php</b> on line <b>187</b><br />
the00000000successUPDATE sensor_data SET `processed?`='1' WHERE `id`=6761468283452.45
<br />
<b>Warning</b>:  gmp_pow(): Negative exponent not supported in <b>/var/www/html/orokonui/resource/datahandling/submit.php</b> on line <b>187</b><br />
the00000000successUPDATE sensor_data SET `processed?`='1' WHERE `id`=6771468283452.83
the00000000successUPDATE sensor_data SET `processed?`='1' WHERE `id`=6781468283455.75
the00000000successUPDATE sensor_data SET `processed?`='1' WHERE `id`=6791468283457.53
the00000000successUPDATE sensor_data SET `processed?`='1' WHERE `id`=6801468283458.2
the00000000successUPDATE sensor_data SET `processed?`='1' WHERE `id`=6811468283458.88
the00000000successUPDATE sensor_data SET `processed?`='1' WHERE `id`=6821468283463.19
the00000000successUPDATE sensor_data SET `processed?`='1' WHERE `id`=6831468283470.55
the00000000successUPDATE sensor_data SET `processed?`='1' WHERE `id`=6841468283471.69
the00000000successUPDATE sensor_data SET `processed?`='1' WHERE `id`=6851468283473.85
the00000000successUPDATE sensor_data SET `processed?`='1' WHERE `id`=6861468283475.2
the00000000successUPDATE sensor_data SET `processed?`='1' WHERE `id`=6871468283475.66
the00000000successUPDATE sensor_data SET `processed?`='1' WHERE `id`=6881468283478.74
the00000000successUPDATE sensor_data SET `processed?`='1' WHERE `id`=6891468283479.51
the00000000successUPDATE sensor_data SET `processed?`='1' WHERE `id`=6901468283485.58
the00000000successUPDATE sensor_data SET `processed?`='1' WHERE `id`=6911468283487.79
the00000000successUPDATE sensor_data SET `processed?`='1' WHERE `id`=6921468283493.42
the00000000successUPDATE sensor_data SET `processed?`='1' WHERE `id`=6931468283498.16
the00000000successUPDATE sensor_data SET `processed?`='1' WHERE `id`=6941468283498.38
the00000000successUPDATE sensor_data SET `processed?`='1' WHERE `id`=6951468283498.96
the00000000successUPDATE sensor_data SET `processed?`='1' WHERE `id`=6961468283500.21
the00000000successUPDATE sensor_data SET `processed?`='1' WHERE `id`=6971468283500.96
the00000000successUPDATE sensor_data SET `processed?`='1' WHERE `id`=6981468283502.53
the00000000successUPDATE sensor_data SET `processed?`='1' WHERE `id`=6991468283503.08
the00000000successUPDATE sensor_data SET `processed?`='1' WHERE `id`=7001468283503.68
the00000000successUPDATE sensor_data SET `processed?`='1' WHERE `id`=7011468283505.57
the00000000successUPDATE sensor_data SET `processed?`='1' WHERE `id`=7021468283505.79
the00000000successUPDATE sensor_data SET `processed?`='1' WHERE `id`=7031468283506.93
the00000000successUPDATE sensor_data SET `processed?`='1' WHERE `id`=7041468283507.17
the00000000successUPDATE sensor_data SET `processed?`='1' WHERE `id`=7051468283507.59
the00000000successUPDATE sensor_data SET `processed?`='1' WHERE `id`=7061468283508.0
the00000000successUPDATE sensor_data SET `processed?`='1' WHERE `id`=7071468283509.11
the00000000successUPDATE sensor_data SET `processed?`='1' WHERE `id`=7081468283510.61
the00000000successUPDATE sensor_data SET `processed?`='1' WHERE `id`=7091468283510.83
the00000000successUPDATE sensor_data SET `processed?`='1' WHERE `id`=7101468283511.76
the00000000successUPDATE sensor_data SET `processed?`='1' WHERE `id`=7111468283512.86
the00000000successUPDATE sensor_data SET `processed?`='1' WHERE `id`=7121468283513.84
the00000000successUPDATE sensor_data SET `processed?`='1' WHERE `id`=7131468283514.06
the00000000successUPDATE sensor_data SET `processed?`='1' WHERE `id`=7141468283514.87
the00000000successUPDATE sensor_data SET `processed?`='1' WHERE `id`=7151468283515.43
the00000000successUPDATE sensor_data SET `processed?`='1' WHERE `id`=7161468283520.45
the00000000successUPDATE sensor_data SET `processed?`='1' WHERE `id`=7171468283520.66
the00000000successUPDATE sensor_data SET `processed?`='1' WHERE `id`=7181468283520.88
the00000000successUPDATE sensor_data SET `processed?`='1' WHERE `id`=7191468283522.83
the00000000successUPDATE sensor_data SET `processed?`='1' WHERE `id`=7201468283523.51
the00000000successUPDATE sensor_data SET `processed?`='1' WHERE `id`=7211468283525.04
the00000000successUPDATE sensor_data SET `processed?`='1' WHERE `id`=7221468283525.51
the00000000successUPDATE sensor_data SET `processed?`='1' WHERE `id`=7231468283526.07
<br />
<b>Warning</b>:  gmp_pow(): Negative exponent not supported in <b>/var/www/html/orokonui/resource/datahandling/submit.php</b> on line <b>187</b><br />
the00000000successUPDATE sensor_data SET `processed?`='1' WHERE `id`=7241468283526.66
<br />
<b>Warning</b>:  gmp_pow(): Negative exponent not supported in <b>/var/www/html/orokonui/resource/datahandling/submit.php</b> on line <b>187</b><br />
the8.54.252.1251.06250.531250.2656250.13281250.06640625successUPDATE sensor_data SET `processed?`='1' WHERE `id`=7251468287969.19
the8.54.252.1251.06250.531250.2656250.13281250.06640625successUPDATE sensor_data SET `processed?`='1' WHERE `id`=7261468287969.41
the8.54.252.1251.06250.531250.2656250.13281250.06640625successUPDATE sensor_data SET `processed?`='1' WHERE `id`=7271468287969.62
the8.54.252.1251.06250.531250.2656250.13281250.06640625successUPDATE sensor_data SET `processed?`='1' WHERE `id`=7281468287971.75
the8.54.252.1251.06250.531250.2656250.13281250.06640625successUPDATE sensor_data SET `processed?`='1' WHERE `id`=7291468287973.17
the8.54.252.1251.06250.531250.2656250.13281250.06640625successUPDATE sensor_data SET `processed?`='1' WHERE `id`=7301468287973.93
<br />
<b>Warning</b>:  gmp_pow(): Negative exponent not supported in <b>/var/www/html/orokonui/resource/datahandling/submit.php</b> on line <b>187</b><br />
the8.54.252.1251.06250.531250.2656250.13281250.06640625successUPDATE sensor_data SET `processed?`='1' WHERE `id`=7311468287974.14
the8.54.252.1251.06250.531250.2656250.13281250.06640625successUPDATE sensor_data SET `processed?`='1' WHERE `id`=7321468288053.54
the8.54.252.1251.06250.531250.2656250.13281250.06640625successUPDATE sensor_data SET `processed?`='1' WHERE `id`=7331468288054.69
the8.54.252.1251.06250.531250.2656250.13281250.06640625successUPDATE sensor_data SET `processed?`='1' WHERE `id`=7341468288055.26
the8.54.252.1251.06250.531250.2656250.13281250.06640625successUPDATE sensor_data SET `processed?`='1' WHERE `id`=7351468288055.64
the8.54.252.1251.06250.531250.2656250.13281250.06640625successUPDATE sensor_data SET `processed?`='1' WHERE `id`=7361468288166.49
the8.54.252.1251.06250.531250.2656250.13281250.06640625successUPDATE sensor_data SET `processed?`='1' WHERE `id`=7371468288172.53
the8.54.252.1251.06250.531250.2656250.13281250.06640625successUPDATE sensor_data SET `processed?`='1' WHERE `id`=7381468288178.29
the8.54.252.1251.06250.531250.2656250.13281250.06640625successUPDATE sensor_data SET `processed?`='1' WHERE `id`=7391468288233.86
the77.538.7519.3759.68754.843752.4218751.21093750.60546875successUPDATE sensor_data SET `processed?`='1' WHERE `id`=7401468362743.21
the77.538.7519.3759.68754.843752.4218751.21093750.60546875successUPDATE sensor_data SET `processed?`='1' WHERE `id`=7411468362782.03
the77.538.7519.3759.68754.843752.4218751.21093750.60546875successUPDATE sensor_data SET `processed?`='1' WHERE `id`=7421468362783.43
the77.538.7519.3759.68754.843752.4218751.21093750.60546875successUPDATE sensor_data SET `processed?`='1' WHERE `id`=7431468362967.38
the77.538.7519.3759.68754.843752.4218751.21093750.60546875successUPDATE sensor_data SET `processed?`='1' WHERE `id`=7441468363067.8
the77.538.7519.3759.68754.843752.4218751.21093750.60546875successUPDATE sensor_data SET `processed?`='1' WHERE `id`=7451468363135.08
the77.538.7519.3759.68754.843752.4218751.21093750.60546875successUPDATE sensor_data SET `processed?`='1' WHERE `id`=7461468363491.44
the77.538.7519.3759.68754.843752.4218751.21093750.60546875successUPDATE sensor_data SET `processed?`='1' WHERE `id`=7471468363648.22
the77.538.7519.3759.68754.843752.4218751.21093750.60546875successUPDATE sensor_data SET `processed?`='1' WHERE `id`=7481468363794.34
the77.538.7519.3759.68754.843752.4218751.21093750.60546875successUPDATE sensor_data SET `processed?`='1' WHERE `id`=7491468363799.56
the77.538.7519.3759.68754.843752.4218751.21093750.60546875successUPDATE sensor_data SET `processed?`='1' WHERE `id`=7501468363888.55
the77.538.7519.3759.68754.843752.4218751.21093750.60546875successUPDATE sensor_data SET `processed?`='1' WHERE `id`=7511468363979.38
the77.538.7519.3759.68754.843752.4218751.21093750.60546875successUPDATE sensor_data SET `processed?`='1' WHERE `id`=7521468364045.03
the77.538.7519.3759.68754.843752.4218751.21093750.60546875successUPDATE sensor_data SET `processed?`='1' WHERE `id`=7531468364071.62
the77.538.7519.3759.68754.843752.4218751.21093750.60546875successUPDATE sensor_data SET `processed?`='1' WHERE `id`=7541468364101.6
the77.538.7519.3759.68754.843752.4218751.21093750.60546875successUPDATE sensor_data SET `processed?`='1' WHERE `id`=7551468364105.63
the77.538.7519.3759.68754.843752.4218751.21093750.60546875successUPDATE sensor_data SET `processed?`='1' WHERE `id`=7561468364107.13
the77.538.7519.3759.68754.843752.4218751.21093750.60546875successUPDATE sensor_data SET `processed?`='1' WHERE `id`=7571468364120.7
the77.538.7519.3759.68754.843752.4218751.21093750.60546875successUPDATE sensor_data SET `processed?`='1' WHERE `id`=7581468364141.21
the77.538.7519.3759.68754.843752.4218751.21093750.60546875successUPDATE sensor_data SET `processed?`='1' WHERE `id`=7591468364146.1
the77.538.7519.3759.68754.843752.4218751.21093750.60546875successUPDATE sensor_data SET `processed?`='1' WHERE `id`=7601468364147.55
the77.538.7519.3759.68754.843752.4218751.21093750.60546875successUPDATE sensor_data SET `processed?`='1' WHERE `id`=7611468364150.17
the77.538.7519.3759.68754.843752.4218751.21093750.60546875successUPDATE sensor_data SET `processed?`='1' WHERE `id`=7621468364172.31
the77.538.7519.3759.68754.843752.4218751.21093750.60546875successUPDATE sensor_data SET `processed?`='1' WHERE `id`=7631468364176.41
<br />
<b>Warning</b>:  gmp_pow(): Negative exponent not supported in <b>/var/www/html/orokonui/resource/datahandling/submit.php</b> on line <b>187</b><br />
the77.538.7519.3759.68754.843752.4218751.21093750.60546875successUPDATE sensor_data SET `processed?`='1' WHERE `id`=7641468364184.6
the77.538.7519.3759.68754.843752.4218751.21093750.60546875successUPDATE sensor_data SET `processed?`='1' WHERE `id`=7651468364199.52
the77.538.7519.3759.68754.843752.4218751.21093750.60546875successUPDATE sensor_data SET `processed?`='1' WHERE `id`=7661468364225.69
the77.538.7519.3759.68754.843752.4218751.21093750.60546875successUPDATE sensor_data SET `processed?`='1' WHERE `id`=7671468364227.17
the77.538.7519.3759.68754.843752.4218751.21093750.60546875successUPDATE sensor_data SET `processed?`='1' WHERE `id`=7681468364263.35
the77.538.7519.3759.68754.843752.4218751.21093750.60546875successUPDATE sensor_data SET `processed?`='1' WHERE `id`=7691468364288.64
the77.538.7519.3759.68754.843752.4218751.21093750.60546875successUPDATE sensor_data SET `processed?`='1' WHERE `id`=7701468364303.9
the77.538.7519.3759.68754.843752.4218751.21093750.60546875successUPDATE sensor_data SET `processed?`='1' WHERE `id`=7711468364305.08
<br />
<b>Warning</b>:  gmp_pow(): Negative exponent not supported in <b>/var/www/html/orokonui/resource/datahandling/submit.php</b> on line <b>187</b><br />
the77.538.7519.3759.68754.843752.4218751.21093750.60546875successUPDATE sensor_data SET `processed?`='1' WHERE `id`=7721468364313.27
the77.538.7519.3759.68754.843752.4218751.21093750.60546875successUPDATE sensor_data SET `processed?`='1' WHERE `id`=7731468364333.85
the77.538.7519.3759.68754.843752.4218751.21093750.60546875successUPDATE sensor_data SET `processed?`='1' WHERE `id`=7741468364346.7
the77.538.7519.3759.68754.843752.4218751.21093750.60546875successUPDATE sensor_data SET `processed?`='1' WHERE `id`=7751468364349.18
the77.538.7519.3759.68754.843752.4218751.21093750.60546875successUPDATE sensor_data SET `processed?`='1' WHERE `id`=7761468364355.3
the77.538.7519.3759.68754.843752.4218751.21093750.60546875successUPDATE sensor_data SET `processed?`='1' WHERE `id`=7771468364360.78
the77.538.7519.3759.68754.843752.4218751.21093750.60546875successUPDATE sensor_data SET `processed?`='1' WHERE `id`=7781468364367.01
the77.538.7519.3759.68754.843752.4218751.21093750.60546875successUPDATE sensor_data SET `processed?`='1' WHERE `id`=7791468364380.8
the77.538.7519.3759.68754.843752.4218751.21093750.60546875successUPDATE sensor_data SET `processed?`='1' WHERE `id`=7801468364382.13
the77.538.7519.3759.68754.843752.4218751.21093750.60546875successUPDATE sensor_data SET `processed?`='1' WHERE `id`=7811468364384.8
the77.538.7519.3759.68754.843752.4218751.21093750.60546875successUPDATE sensor_data SET `processed?`='1' WHERE `id`=7821468364403.4
the77.538.7519.3759.68754.843752.4218751.21093750.60546875successUPDATE sensor_data SET `processed?`='1' WHERE `id`=7831468364442.28
the77.538.7519.3759.68754.843752.4218751.21093750.60546875successUPDATE sensor_data SET `processed?`='1' WHERE `id`=7841468364457.3
the77.538.7519.3759.68754.843752.4218751.21093750.60546875successUPDATE sensor_data SET `processed?`='1' WHERE `id`=7851468364480.53
the77.538.7519.3759.68754.843752.4218751.21093750.60546875successUPDATE sensor_data SET `processed?`='1' WHERE `id`=7861468364486.91
the77.538.7519.3759.68754.843752.4218751.21093750.60546875successUPDATE sensor_data SET `processed?`='1' WHERE `id`=7871468364502.36
the77.538.7519.3759.68754.843752.4218751.21093750.60546875successUPDATE sensor_data SET `processed?`='1' WHERE `id`=7881468364508.94
the77.538.7519.3759.68754.843752.4218751.21093750.60546875successUPDATE sensor_data SET `processed?`='1' WHERE `id`=7891468364544.86
the77.538.7519.3759.68754.843752.4218751.21093750.60546875successUPDATE sensor_data SET `processed?`='1' WHERE `id`=7901468364560.26
the77.538.7519.3759.68754.843752.4218751.21093750.60546875successUPDATE sensor_data SET `processed?`='1' WHERE `id`=7911468364591.76
the77.538.7519.3759.68754.843752.4218751.21093750.60546875successUPDATE sensor_data SET `processed?`='1' WHERE `id`=7921468364604.7
the77.538.7519.3759.68754.843752.4218751.21093750.60546875successUPDATE sensor_data SET `processed?`='1' WHERE `id`=7931468364639.47
the77.538.7519.3759.68754.843752.4218751.21093750.60546875successUPDATE sensor_data SET `processed?`='1' WHERE `id`=7941468364661.07
the77.538.7519.3759.68754.843752.4218751.21093750.60546875successUPDATE sensor_data SET `processed?`='1' WHERE `id`=7951468364684.61
the77.538.7519.3759.68754.843752.4218751.21093750.60546875successUPDATE sensor_data SET `processed?`='1' WHERE `id`=7961468364693.94
the77.538.7519.3759.68754.843752.4218751.21093750.60546875successUPDATE sensor_data SET `processed?`='1' WHERE `id`=7971468364695.43
the77.538.7519.3759.68754.843752.4218751.21093750.60546875successUPDATE sensor_data SET `processed?`='1' WHERE `id`=7981468364699.27
the77.538.7519.3759.68754.843752.4218751.21093750.60546875successUPDATE sensor_data SET `processed?`='1' WHERE `id`=7991468364705.89
the77.538.7519.3759.68754.843752.4218751.21093750.60546875successUPDATE sensor_data SET `processed?`='1' WHERE `id`=8001468364708.69
the77.538.7519.3759.68754.843752.4218751.21093750.60546875successUPDATE sensor_data SET `processed?`='1' WHERE `id`=8011468364714.09
the77.538.7519.3759.68754.843752.4218751.21093750.60546875successUPDATE sensor_data SET `processed?`='1' WHERE `id`=8021468364736.95
the77.538.7519.3759.68754.843752.4218751.21093750.60546875successUPDATE sensor_data SET `processed?`='1' WHERE `id`=8031468364753.8
the77.538.7519.3759.68754.843752.4218751.21093750.60546875successUPDATE sensor_data SET `processed?`='1' WHERE `id`=8041468364774.03
the77.538.7519.3759.68754.843752.4218751.21093750.60546875successUPDATE sensor_data SET `processed?`='1' WHERE `id`=8051468364783.72
the77.538.7519.3759.68754.843752.4218751.21093750.60546875successUPDATE sensor_data SET `processed?`='1' WHERE `id`=8061468364793.91
the77.538.7519.3759.68754.843752.4218751.21093750.60546875successUPDATE sensor_data SET `processed?`='1' WHERE `id`=8071468364803.48
the77.538.7519.3759.68754.843752.4218751.21093750.60546875successUPDATE sensor_data SET `processed?`='1' WHERE `id`=8081468364806.08
the77.538.7519.3759.68754.843752.4218751.21093750.60546875successUPDATE sensor_data SET `processed?`='1' WHERE `id`=8091468364825.2
the77.538.7519.3759.68754.843752.4218751.21093750.60546875successUPDATE sensor_data SET `processed?`='1' WHERE `id`=8101468364833.83
the77.538.7519.3759.68754.843752.4218751.21093750.60546875successUPDATE sensor_data SET `processed?`='1' WHERE `id`=8111468364859.83
the77.538.7519.3759.68754.843752.4218751.21093750.60546875successUPDATE sensor_data SET `processed?`='1' WHERE `id`=8121468364865.28
the77.538.7519.3759.68754.843752.4218751.21093750.60546875successUPDATE sensor_data SET `processed?`='1' WHERE `id`=8131468364872.01
<br />
<b>Warning</b>:  gmp_pow(): Negative exponent not supported in <b>/var/www/html/orokonui/resource/datahandling/submit.php</b> on line <b>187</b><br />
the77.538.7519.3759.68754.843752.4218751.21093750.60546875successUPDATE sensor_data SET `processed?`='1' WHERE `id`=8141468364876.09
the77.538.7519.3759.68754.843752.4218751.21093750.60546875successUPDATE sensor_data SET `processed?`='1' WHERE `id`=8151468364893.27
the77.538.7519.3759.68754.843752.4218751.21093750.60546875successUPDATE sensor_data SET `processed?`='1' WHERE `id`=8161468364900.77
the77.538.7519.3759.68754.843752.4218751.21093750.60546875successUPDATE sensor_data SET `processed?`='1' WHERE `id`=8171468364903.45
the77.538.7519.3759.68754.843752.4218751.21093750.60546875successUPDATE sensor_data SET `processed?`='1' WHERE `id`=8181468364917.6
the77.538.7519.3759.68754.843752.4218751.21093750.60546875successUPDATE sensor_data SET `processed?`='1' WHERE `id`=8191468364934.42
the77.538.7519.3759.68754.843752.4218751.21093750.60546875successUPDATE sensor_data SET `processed?`='1' WHERE `id`=8201468364942.61
the77.538.7519.3759.68754.843752.4218751.21093750.60546875successUPDATE sensor_data SET `processed?`='1' WHERE `id`=8211468364968.06
the77.538.7519.3759.68754.843752.4218751.21093750.60546875successUPDATE sensor_data SET `processed?`='1' WHERE `id`=8221468365006.58
the77.538.7519.3759.68754.843752.4218751.21093750.60546875successUPDATE sensor_data SET `processed?`='1' WHERE `id`=8231468365039.85
the77.538.7519.3759.68754.843752.4218751.21093750.60546875successUPDATE sensor_data SET `processed?`='1' WHERE `id`=8241468365042.52
the77.538.7519.3759.68754.843752.4218751.21093750.60546875successUPDATE sensor_data SET `processed?`='1' WHERE `id`=8251468365048.04
the77.538.7519.3759.68754.843752.4218751.21093750.60546875successUPDATE sensor_data SET `processed?`='1' WHERE `id`=8261468365050.91
the77.538.7519.3759.68754.843752.4218751.21093750.60546875successUPDATE sensor_data SET `processed?`='1' WHERE `id`=8271468365054.81
<br />
<b>Warning</b>:  gmp_pow(): Negative exponent not supported in <b>/var/www/html/orokonui/resource/datahandling/submit.php</b> on line <b>187</b><br />
the77.538.7519.3759.68754.843752.4218751.21093750.60546875successUPDATE sensor_data SET `processed?`='1' WHERE `id`=8281468365058.86
the77.538.7519.3759.68754.843752.4218751.21093750.60546875successUPDATE sensor_data SET `processed?`='1' WHERE `id`=8291468365065.25
<br />
<b>Warning</b>:  gmp_pow(): Negative exponent not supported in <b>/var/www/html/orokonui/resource/datahandling/submit.php</b> on line <b>187</b><br />
the77.538.7519.3759.68754.843752.4218751.21093750.60546875successUPDATE sensor_data SET `processed?`='1' WHERE `id`=8301468365070.8
the77.538.7519.3759.68754.843752.4218751.21093750.60546875successUPDATE sensor_data SET `processed?`='1' WHERE `id`=8311468365088.5
the77.538.7519.3759.68754.843752.4218751.21093750.60546875successUPDATE sensor_data SET `processed?`='1' WHERE `id`=8321468365102.6
the77.538.7519.3759.68754.843752.4218751.21093750.60546875successUPDATE sensor_data SET `processed?`='1' WHERE `id`=8331468365105.21
the77.538.7519.3759.68754.843752.4218751.21093750.60546875successUPDATE sensor_data SET `processed?`='1' WHERE `id`=8341468365110.8
the77.538.7519.3759.68754.843752.4218751.21093750.60546875successUPDATE sensor_data SET `processed?`='1' WHERE `id`=8351468365114.9
the77.538.7519.3759.68754.843752.4218751.21093750.60546875successUPDATE sensor_data SET `processed?`='1' WHERE `id`=8361468365119.02
the77.538.7519.3759.68754.843752.4218751.21093750.60546875successUPDATE sensor_data SET `processed?`='1' WHERE `id`=8371468365138.89
the77.538.7519.3759.68754.843752.4218751.21093750.60546875successUPDATE sensor_data SET `processed?`='1' WHERE `id`=8381468365142.95
the77.538.7519.3759.68754.843752.4218751.21093750.60546875successUPDATE sensor_data SET `processed?`='1' WHERE `id`=8391468365144.46
the77.538.7519.3759.68754.843752.4218751.21093750.60546875successUPDATE sensor_data SET `processed?`='1' WHERE `id`=8401468365157.85
the77.538.7519.3759.68754.843752.4218751.21093750.60546875successUPDATE sensor_data SET `processed?`='1' WHERE `id`=8411468365176.26
the77.538.7519.3759.68754.843752.4218751.21093750.60546875successUPDATE sensor_data SET `processed?`='1' WHERE `id`=8421468365187.37
the77.538.7519.3759.68754.843752.4218751.21093750.60546875successUPDATE sensor_data SET `processed?`='1' WHERE `id`=8431468365191.94
the77.538.7519.3759.68754.843752.4218751.21093750.60546875successUPDATE sensor_data SET `processed?`='1' WHERE `id`=8441468365204.66
the77.538.7519.3759.68754.843752.4218751.21093750.60546875successUPDATE sensor_data SET `processed?`='1' WHERE `id`=8451468365207.29
the77.538.7519.3759.68754.843752.4218751.21093750.60546875successUPDATE sensor_data SET `processed?`='1' WHERE `id`=8461468365212.38
the77.538.7519.3759.68754.843752.4218751.21093750.60546875successUPDATE sensor_data SET `processed?`='1' WHERE `id`=8471468365224.2
the77.538.7519.3759.68754.843752.4218751.21093750.60546875successUPDATE sensor_data SET `processed?`='1' WHERE `id`=8481468365225.6
the77.538.7519.3759.68754.843752.4218751.21093750.60546875successUPDATE sensor_data SET `processed?`='1' WHERE `id`=8491468365240.91
the77.538.7519.3759.68754.843752.4218751.21093750.60546875successUPDATE sensor_data SET `processed?`='1' WHERE `id`=8501468365272.88
the77.538.7519.3759.68754.843752.4218751.21093750.60546875successUPDATE sensor_data SET `processed?`='1' WHERE `id`=8511468365280.8
the77.538.7519.3759.68754.843752.4218751.21093750.60546875successUPDATE sensor_data SET `processed?`='1' WHERE `id`=8521468365298.52
the77.538.7519.3759.68754.843752.4218751.21093750.60546875successUPDATE sensor_data SET `processed?`='1' WHERE `id`=8531468365301.46
the77.538.7519.3759.68754.843752.4218751.21093750.60546875successUPDATE sensor_data SET `processed?`='1' WHERE `id`=8541468365310.36
the77.538.7519.3759.68754.843752.4218751.21093750.60546875successUPDATE sensor_data SET `processed?`='1' WHERE `id`=8551468365313.34
the77.538.7519.3759.68754.843752.4218751.21093750.60546875successUPDATE sensor_data SET `processed?`='1' WHERE `id`=8561468365325.24
the5728.514.257.1253.56251.781250.8906250.4453125successUPDATE sensor_data SET `processed?`='1' WHERE `id`=8571468365339.98
the77.538.7519.3759.68754.843752.4218751.21093750.60546875successUPDATE sensor_data SET `processed?`='1' WHERE `id`=8581468395561.64
the77.538.7519.3759.68754.843752.4218751.21093750.60546875successUPDATE sensor_data SET `processed?`='1' WHERE `id`=8591468395598.15
the77.538.7519.3759.68754.843752.4218751.21093750.60546875successUPDATE sensor_data SET `processed?`='1' WHERE `id`=8601468395599.81
the77.538.7519.3759.68754.843752.4218751.21093750.60546875successUPDATE sensor_data SET `processed?`='1' WHERE `id`=8611468395604.51
the77.538.7519.3759.68754.843752.4218751.21093750.60546875successUPDATE sensor_data SET `processed?`='1' WHERE `id`=8621468395616.45
the77.538.7519.3759.68754.843752.4218751.21093750.60546875successUPDATE sensor_data SET `processed?`='1' WHERE `id`=8631468395620.93
the77.538.7519.3759.68754.843752.4218751.21093750.60546875successUPDATE sensor_data SET `processed?`='1' WHERE `id`=8641468395625.37
the77.538.7519.3759.68754.843752.4218751.21093750.60546875successUPDATE sensor_data SET `processed?`='1' WHERE `id`=8651468395626.72
the77.538.7519.3759.68754.843752.4218751.21093750.60546875successUPDATE sensor_data SET `processed?`='1' WHERE `id`=8661468395628.29
the77.538.7519.3759.68754.843752.4218751.21093750.60546875successUPDATE sensor_data SET `processed?`='1' WHERE `id`=8671468395638.73
the77.538.7519.3759.68754.843752.4218751.21093750.60546875successUPDATE sensor_data SET `processed?`='1' WHERE `id`=8681468395907.46
the77.538.7519.3759.68754.843752.4218751.21093750.60546875successUPDATE sensor_data SET `processed?`='1' WHERE `id`=8691468396722.27
the77.538.7519.3759.68754.843752.4218751.21093750.60546875successUPDATE sensor_data SET `processed?`='1' WHERE `id`=8701468396740.6
the77.538.7519.3759.68754.843752.4218751.21093750.60546875successUPDATE sensor_data SET `processed?`='1' WHERE `id`=8711468396749.09
the77.538.7519.3759.68754.843752.4218751.21093750.60546875successUPDATE sensor_data SET `processed?`='1' WHERE `id`=8721468396749.41
the77.538.7519.3759.68754.843752.4218751.21093750.60546875successUPDATE sensor_data SET `processed?`='1' WHERE `id`=8731468396765.8
the77.538.7519.3759.68754.843752.4218751.21093750.60546875successUPDATE sensor_data SET `processed?`='1' WHERE `id`=8741468396767.19
the77.538.7519.3759.68754.843752.4218751.21093750.60546875successUPDATE sensor_data SET `processed?`='1' WHERE `id`=8751468396773.27
<br />
<b>Warning</b>:  gmp_pow(): Negative exponent not supported in <b>/var/www/html/orokonui/resource/datahandling/submit.php</b> on line <b>187</b><br />
the5728.514.257.1253.56251.781250.8906250.4453125successUPDATE sensor_data SET `processed?`='1' WHERE `id`=8761468402013.5
the77.538.7519.3759.68754.843752.4218751.21093750.60546875successUPDATE sensor_data SET `processed?`='1' WHERE `id`=8771468402016.55
the77.538.7519.3759.68754.843752.4218751.21093750.60546875successUPDATE sensor_data SET `processed?`='1' WHERE `id`=8781468402049.2
the77.538.7519.3759.68754.843752.4218751.21093750.60546875successUPDATE sensor_data SET `processed?`='1' WHERE `id`=8791468402056.76
the77.538.7519.3759.68754.843752.4218751.21093750.60546875successUPDATE sensor_data SET `processed?`='1' WHERE `id`=8801468402065.6
the77.538.7519.3759.68754.843752.4218751.21093750.60546875successUPDATE sensor_data SET `processed?`='1' WHERE `id`=8811468402077.47
the77.538.7519.3759.68754.843752.4218751.21093750.60546875successUPDATE sensor_data SET `processed?`='1' WHERE `id`=8821468402108.79
the77.538.7519.3759.68754.843752.4218751.21093750.60546875successUPDATE sensor_data SET `processed?`='1' WHERE `id`=8831468402132.55
the77.538.7519.3759.68754.843752.4218751.21093750.60546875successUPDATE sensor_data SET `processed?`='1' WHERE `id`=8841468402141.43
the77.538.7519.3759.68754.843752.4218751.21093750.60546875successUPDATE sensor_data SET `processed?`='1' WHERE `id`=8851468402147.39
the77.538.7519.3759.68754.843752.4218751.21093750.60546875successUPDATE sensor_data SET `processed?`='1' WHERE `id`=8861468402156.43
the77.538.7519.3759.68754.843752.4218751.21093750.60546875successUPDATE sensor_data SET `processed?`='1' WHERE `id`=8871468402163.78
the77.538.7519.3759.68754.843752.4218751.21093750.60546875successUPDATE sensor_data SET `processed?`='1' WHERE `id`=8881468402175.6
the77.538.7519.3759.68754.843752.4218751.21093750.60546875successUPDATE sensor_data SET `processed?`='1' WHERE `id`=8891468402185.97
the77.538.7519.3759.68754.843752.4218751.21093750.60546875successUPDATE sensor_data SET `processed?`='1' WHERE `id`=8901468402214.14
the77.538.7519.3759.68754.843752.4218751.21093750.60546875successUPDATE sensor_data SET `processed?`='1' WHERE `id`=8911468402218.6
the77.538.7519.3759.68754.843752.4218751.21093750.60546875successUPDATE sensor_data SET `processed?`='1' WHERE `id`=8921468402223.05
the77.538.7519.3759.68754.843752.4218751.21093750.60546875successUPDATE sensor_data SET `processed?`='1' WHERE `id`=8931468402224.55
<br />
<b>Warning</b>:  gmp_pow(): Negative exponent not supported in <b>/var/www/html/orokonui/resource/datahandling/submit.php</b> on line <b>187</b><br />
the77.538.7519.3759.68754.843752.4218751.21093750.60546875successUPDATE sensor_data SET `processed?`='1' WHERE `id`=8941468402231.93
the77.538.7519.3759.68754.843752.4218751.21093750.60546875successUPDATE sensor_data SET `processed?`='1' WHERE `id`=8951468402233.42
the77.538.7519.3759.68754.843752.4218751.21093750.60546875successUPDATE sensor_data SET `processed?`='1' WHERE `id`=8961468402245.29
<br />
<b>Warning</b>:  gmp_pow(): Negative exponent not supported in <b>/var/www/html/orokonui/resource/datahandling/submit.php</b> on line <b>187</b><br />
the77.538.7519.3759.68754.843752.4218751.21093750.60546875successUPDATE sensor_data SET `processed?`='1' WHERE `id`=8971468402258.64
the77.538.7519.3759.68754.843752.4218751.21093750.60546875successUPDATE sensor_data SET `processed?`='1' WHERE `id`=8981468402261.61
the77.538.7519.3759.68754.843752.4218751.21093750.60546875successUPDATE sensor_data SET `processed?`='1' WHERE `id`=8991468402266.05
<br />
<b>Warning</b>:  gmp_pow(): Negative exponent not supported in <b>/var/www/html/orokonui/resource/datahandling/submit.php</b> on line <b>187</b><br />
the77.538.7519.3759.68754.843752.4218751.21093750.60546875successUPDATE sensor_data SET `processed?`='1' WHERE `id`=9001468402274.95
the77.538.7519.3759.68754.843752.4218751.21093750.60546875successUPDATE sensor_data SET `processed?`='1' WHERE `id`=9011468402277.93
the77.538.7519.3759.68754.843752.4218751.21093750.60546875successUPDATE sensor_data SET `processed?`='1' WHERE `id`=9021468402279.4
the77.538.7519.3759.68754.843752.4218751.21093750.60546875successUPDATE sensor_data SET `processed?`='1' WHERE `id`=9031468402288.35
the77.538.7519.3759.68754.843752.4218751.21093750.60546875successUPDATE sensor_data SET `processed?`='1' WHERE `id`=9041468402292.77
the77.538.7519.3759.68754.843752.4218751.21093750.60546875successUPDATE sensor_data SET `processed?`='1' WHERE `id`=9051468402300.21
the77.538.7519.3759.68754.843752.4218751.21093750.60546875successUPDATE sensor_data SET `processed?`='1' WHERE `id`=9061468402315.05
the77.538.7519.3759.68754.843752.4218751.21093750.60546875successUPDATE sensor_data SET `processed?`='1' WHERE `id`=9071468402321.01
the77.538.7519.3759.68754.843752.4218751.21093750.60546875successUPDATE sensor_data SET `processed?`='1' WHERE `id`=9081468402326.95
the77.538.7519.3759.68754.843752.4218751.21093750.60546875successUPDATE sensor_data SET `processed?`='1' WHERE `id`=9091468402335.88
the77.538.7519.3759.68754.843752.4218751.21093750.60546875successUPDATE sensor_data SET `processed?`='1' WHERE `id`=9101468402337.38
<br />
<b>Warning</b>:  gmp_pow(): Negative exponent not supported in <b>/var/www/html/orokonui/resource/datahandling/submit.php</b> on line <b>187</b><br />
the77.538.7519.3759.68754.843752.4218751.21093750.60546875successUPDATE sensor_data SET `processed?`='1' WHERE `id`=9111468402356.69
the77.538.7519.3759.68754.843752.4218751.21093750.60546875successUPDATE sensor_data SET `processed?`='1' WHERE `id`=9121468402359.68
the77.538.7519.3759.68754.843752.4218751.21093750.60546875successUPDATE sensor_data SET `processed?`='1' WHERE `id`=9131468402373.05
the77.538.7519.3759.68754.843752.4218751.21093750.60546875successUPDATE sensor_data SET `processed?`='1' WHERE `id`=9141468402374.56
the77.538.7519.3759.68754.843752.4218751.21093750.60546875successUPDATE sensor_data SET `processed?`='1' WHERE `id`=9151468402383.47
the77.538.7519.3759.68754.843752.4218751.21093750.60546875successUPDATE sensor_data SET `processed?`='1' WHERE `id`=9161468402395.39
the77.538.7519.3759.68754.843752.4218751.21093750.60546875successUPDATE sensor_data SET `processed?`='1' WHERE `id`=9171468402402.81
the77.538.7519.3759.68754.843752.4218751.21093750.60546875successUPDATE sensor_data SET `processed?`='1' WHERE `id`=9181468402404.45
the77.538.7519.3759.68754.843752.4218751.21093750.60546875successUPDATE sensor_data SET `processed?`='1' WHERE `id`=9191468402426.6
the77.538.7519.3759.68754.843752.4218751.21093750.60546875successUPDATE sensor_data SET `processed?`='1' WHERE `id`=9201468402450.45
the77.538.7519.3759.68754.843752.4218751.21093750.60546875successUPDATE sensor_data SET `processed?`='1' WHERE `id`=9211468402453.38
the77.538.7519.3759.68754.843752.4218751.21093750.60546875successUPDATE sensor_data SET `processed?`='1' WHERE `id`=9221468402456.35
<br />
<b>Warning</b>:  gmp_pow(): Negative exponent not supported in <b>/var/www/html/orokonui/resource/datahandling/submit.php</b> on line <b>187</b><br />
the77.538.7519.3759.68754.843752.4218751.21093750.60546875successUPDATE sensor_data SET `processed?`='1' WHERE `id`=9231468402471.22
the77.538.7519.3759.68754.843752.4218751.21093750.60546875successUPDATE sensor_data SET `processed?`='1' WHERE `id`=9241468402472.7
the77.538.7519.3759.68754.843752.4218751.21093750.60546875successUPDATE sensor_data SET `processed?`='1' WHERE `id`=9251468402489.15
the77.538.7519.3759.68754.843752.4218751.21093750.60546875successUPDATE sensor_data SET `processed?`='1' WHERE `id`=9261468402511.36
the77.538.7519.3759.68754.843752.4218751.21093750.60546875successUPDATE sensor_data SET `processed?`='1' WHERE `id`=9271468402542.76
the77.538.7519.3759.68754.843752.4218751.21093750.60546875successUPDATE sensor_data SET `processed?`='1' WHERE `id`=9281468402545.78
the77.538.7519.3759.68754.843752.4218751.21093750.60546875successUPDATE sensor_data SET `processed?`='1' WHERE `id`=9291468402550.19
the77.538.7519.3759.68754.843752.4218751.21093750.60546875successUPDATE sensor_data SET `processed?`='1' WHERE `id`=9301468402556.04
the77.538.7519.3759.68754.843752.4218751.21093750.60546875successUPDATE sensor_data SET `processed?`='1' WHERE `id`=9311468402563.38
the77.538.7519.3759.68754.843752.4218751.21093750.60546875successUPDATE sensor_data SET `processed?`='1' WHERE `id`=9321468402579.87
the77.538.7519.3759.68754.843752.4218751.21093750.60546875successUPDATE sensor_data SET `processed?`='1' WHERE `id`=9331468402595.33
the77.538.7519.3759.68754.843752.4218751.21093750.60546875successUPDATE sensor_data SET `processed?`='1' WHERE `id`=9341468402595.69
the77.538.7519.3759.68754.843752.4218751.21093750.60546875successUPDATE sensor_data SET `processed?`='1' WHERE `id`=9351468402603.56
the77.538.7519.3759.68754.843752.4218751.21093750.60546875successUPDATE sensor_data SET `processed?`='1' WHERE `id`=9361468402606.47
the77.538.7519.3759.68754.843752.4218751.21093750.60546875successUPDATE sensor_data SET `processed?`='1' WHERE `id`=9371468402609.4
the77.538.7519.3759.68754.843752.4218751.21093750.60546875successUPDATE sensor_data SET `processed?`='1' WHERE `id`=9381468402616.87
<br />
<b>Warning</b>:  gmp_pow(): Negative exponent not supported in <b>/var/www/html/orokonui/resource/datahandling/submit.php</b> on line <b>187</b><br />
the77.538.7519.3759.68754.843752.4218751.21093750.60546875successUPDATE sensor_data SET `processed?`='1' WHERE `id`=9391468402631.62
the77.538.7519.3759.68754.843752.4218751.21093750.60546875successUPDATE sensor_data SET `processed?`='1' WHERE `id`=9401468402634.73
the77.538.7519.3759.68754.843752.4218751.21093750.60546875successUPDATE sensor_data SET `processed?`='1' WHERE `id`=9411468402639.08
the77.538.7519.3759.68754.843752.4218751.21093750.60546875successUPDATE sensor_data SET `processed?`='1' WHERE `id`=9421468402640.63
the77.538.7519.3759.68754.843752.4218751.21093750.60546875successUPDATE sensor_data SET `processed?`='1' WHERE `id`=9431468402642.06
the77.538.7519.3759.68754.843752.4218751.21093750.60546875successUPDATE sensor_data SET `processed?`='1' WHERE `id`=9441468402644.99
the77.538.7519.3759.68754.843752.4218751.21093750.60546875successUPDATE sensor_data SET `processed?`='1' WHERE `id`=9451468402648.21
the77.538.7519.3759.68754.843752.4218751.21093750.60546875successUPDATE sensor_data SET `processed?`='1' WHERE `id`=9461468402649.45
the77.538.7519.3759.68754.843752.4218751.21093750.60546875successUPDATE sensor_data SET `processed?`='1' WHERE `id`=9471468402652.63
the77.538.7519.3759.68754.843752.4218751.21093750.60546875successUPDATE sensor_data SET `processed?`='1' WHERE `id`=9481468402655.31
the77.538.7519.3759.68754.843752.4218751.21093750.60546875successUPDATE sensor_data SET `processed?`='1' WHERE `id`=9491468402658.37
the77.538.7519.3759.68754.843752.4218751.21093750.60546875successUPDATE sensor_data SET `processed?`='1' WHERE `id`=9501468402665.14
the77.538.7519.3759.68754.843752.4218751.21093750.60546875successUPDATE sensor_data SET `processed?`='1' WHERE `id`=9511468402680.63
the77.538.7519.3759.68754.843752.4218751.21093750.60546875successUPDATE sensor_data SET `processed?`='1' WHERE `id`=9521468402683.63
the77.538.7519.3759.68754.843752.4218751.21093750.60546875successUPDATE sensor_data SET `processed?`='1' WHERE `id`=9531468402689.62
<br />
<b>Warning</b>:  gmp_pow(): Negative exponent not supported in <b>/var/www/html/orokonui/resource/datahandling/submit.php</b> on line <b>187</b><br />
the77.538.7519.3759.68754.843752.4218751.21093750.60546875successUPDATE sensor_data SET `processed?`='1' WHERE `id`=9541468402696.82
the77.538.7519.3759.68754.843752.4218751.21093750.60546875successUPDATE sensor_data SET `processed?`='1' WHERE `id`=9551468402704.25
the77.538.7519.3759.68754.843752.4218751.21093750.60546875successUPDATE sensor_data SET `processed?`='1' WHERE `id`=9561468402708.72
<br />
<b>Warning</b>:  gmp_pow(): Negative exponent not supported in <b>/var/www/html/orokonui/resource/datahandling/submit.php</b> on line <b>187</b><br />
the77.538.7519.3759.68754.843752.4218751.21093750.60546875successUPDATE sensor_data SET `processed?`='1' WHERE `id`=9571468402731.02
the77.538.7519.3759.68754.843752.4218751.21093750.60546875successUPDATE sensor_data SET `processed?`='1' WHERE `id`=9581468402751.84
the77.538.7519.3759.68754.843752.4218751.21093750.60546875successUPDATE sensor_data SET `processed?`='1' WHERE `id`=9591468402753.34
the77.538.7519.3759.68754.843752.4218751.21093750.60546875successUPDATE sensor_data SET `processed?`='1' WHERE `id`=9601468438763.22
the77.538.7519.3759.68754.843752.4218751.21093750.60546875successUPDATE sensor_data SET `processed?`='1' WHERE `id`=9611468438769.15
the77.538.7519.3759.68754.843752.4218751.21093750.60546875successUPDATE sensor_data SET `processed?`='1' WHERE `id`=9621468438773.58
the77.538.7519.3759.68754.843752.4218751.21093750.60546875successUPDATE sensor_data SET `processed?`='1' WHERE `id`=9631468438778.04
<br />
<b>Warning</b>:  gmp_pow(): Negative exponent not supported in <b>/var/www/html/orokonui/resource/datahandling/submit.php</b> on line <b>187</b><br />
the77.538.7519.3759.68754.843752.4218751.21093750.60546875successUPDATE sensor_data SET `processed?`='1' WHERE `id`=9641468438788.52
the77.538.7519.3759.68754.843752.4218751.21093750.60546875successUPDATE sensor_data SET `processed?`='1' WHERE `id`=9651468438789.96
the77.538.7519.3759.68754.843752.4218751.21093750.60546875successUPDATE sensor_data SET `processed?`='1' WHERE `id`=9661468438792.95
the77.538.7519.3759.68754.843752.4218751.21093750.60546875successUPDATE sensor_data SET `processed?`='1' WHERE `id`=9671468438795.83
the77.538.7519.3759.68754.843752.4218751.21093750.60546875successUPDATE sensor_data SET `processed?`='1' WHERE `id`=9681468438800.34
the77.538.7519.3759.68754.843752.4218751.21093750.60546875successUPDATE sensor_data SET `processed?`='1' WHERE `id`=9691468438809.23
the77.538.7519.3759.68754.843752.4218751.21093750.60546875successUPDATE sensor_data SET `processed?`='1' WHERE `id`=9701468438868.46
the77.538.7519.3759.68754.843752.4218751.21093750.60546875successUPDATE sensor_data SET `processed?`='1' WHERE `id`=9711468438881.45
<br />
<b>Warning</b>:  gmp_pow(): Negative exponent not supported in <b>/var/www/html/orokonui/resource/datahandling/submit.php</b> on line <b>187</b><br />
the77.538.7519.3759.68754.843752.4218751.21093750.60546875successUPDATE sensor_data SET `processed?`='1' WHERE `id`=9721468438882.99
the77.538.7519.3759.68754.843752.4218751.21093750.60546875successUPDATE sensor_data SET `processed?`='1' WHERE `id`=9731468438897.73
<br />
<b>Warning</b>:  gmp_pow(): Negative exponent not supported in <b>/var/www/html/orokonui/resource/datahandling/submit.php</b> on line <b>187</b><br />
the77.538.7519.3759.68754.843752.4218751.21093750.60546875successUPDATE sensor_data SET `processed?`='1' WHERE `id`=9741468438899.26
<br />
<b>Warning</b>:  gmp_pow(): Negative exponent not supported in <b>/var/www/html/orokonui/resource/datahandling/submit.php</b> on line <b>187</b><br />
the77.538.7519.3759.68754.843752.4218751.21093750.60546875successUPDATE sensor_data SET `processed?`='1' WHERE `id`=9751468438908.15
the77.538.7519.3759.68754.843752.4218751.21093750.60546875successUPDATE sensor_data SET `processed?`='1' WHERE `id`=9761468438911.07
the77.538.7519.3759.68754.843752.4218751.21093750.60546875successUPDATE sensor_data SET `processed?`='1' WHERE `id`=9771468453646.72
the77.538.7519.3759.68754.843752.4218751.21093750.60546875successUPDATE sensor_data SET `processed?`='1' WHERE `id`=9781468454811.97
the77.538.7519.3759.68754.843752.4218751.21093750.60546875successUPDATE sensor_data SET `processed?`='1' WHERE `id`=9791468455609.79
the77.538.7519.3759.68754.843752.4218751.21093750.60546875successUPDATE sensor_data SET `processed?`='1' WHERE `id`=9801468456268.22
the77.538.7519.3759.68754.843752.4218751.21093750.60546875successUPDATE sensor_data SET `processed?`='1' WHERE `id`=9811468456281.63
the77.538.7519.3759.68754.843752.4218751.21093750.60546875successUPDATE sensor_data SET `processed?`='1' WHERE `id`=9821468456299.52
the77.538.7519.3759.68754.843752.4218751.21093750.60546875successUPDATE sensor_data SET `processed?`='1' WHERE `id`=9831468456333.53
the77.538.7519.3759.68754.843752.4218751.21093750.60546875successUPDATE sensor_data SET `processed?`='1' WHERE `id`=9841468456361.89
the77.538.7519.3759.68754.843752.4218751.21093750.60546875successUPDATE sensor_data SET `processed?`='1' WHERE `id`=9851468456366.23
the5728.514.257.1253.56251.781250.8906250.4453125successUPDATE sensor_data SET `processed?`='1' WHERE `id`=9861468456379.61
the77.538.7519.3759.68754.843752.4218751.21093750.60546875successUPDATE sensor_data SET `processed?`='1' WHERE `id`=9871468456388.7
the77.538.7519.3759.68754.843752.4218751.21093750.60546875successUPDATE sensor_data SET `processed?`='1' WHERE `id`=9881468456396.3
the77.538.7519.3759.68754.843752.4218751.21093750.60546875successUPDATE sensor_data SET `processed?`='1' WHERE `id`=9891468456400.61
the77.538.7519.3759.68754.843752.4218751.21093750.60546875successUPDATE sensor_data SET `processed?`='1' WHERE `id`=9901468456405.11
the77.538.7519.3759.68754.843752.4218751.21093750.60546875successUPDATE sensor_data SET `processed?`='1' WHERE `id`=9911468456477.83
the77.538.7519.3759.68754.843752.4218751.21093750.60546875successUPDATE sensor_data SET `processed?`='1' WHERE `id`=9921468456514.98
the77.538.7519.3759.68754.843752.4218751.21093750.60546875successUPDATE sensor_data SET `processed?`='1' WHERE `id`=9931468456552.31
the77.538.7519.3759.68754.843752.4218751.21093750.60546875successUPDATE sensor_data SET `processed?`='1' WHERE `id`=9941468456568.94
the77.538.7519.3759.68754.843752.4218751.21093750.60546875successUPDATE sensor_data SET `processed?`='1' WHERE `id`=9951468456591.2
the77.538.7519.3759.68754.843752.4218751.21093750.60546875successUPDATE sensor_data SET `processed?`='1' WHERE `id`=9961468456594.14
the77.538.7519.3759.68754.843752.4218751.21093750.60546875successUPDATE sensor_data SET `processed?`='1' WHERE `id`=9971468456630.86
the77.538.7519.3759.68754.843752.4218751.21093750.60546875successUPDATE sensor_data SET `processed?`='1' WHERE `id`=9981468456647.12
the77.538.7519.3759.68754.843752.4218751.21093750.60546875successUPDATE sensor_data SET `processed?`='1' WHERE `id`=9991468456653.11
<br />
<b>Warning</b>:  gmp_pow(): Negative exponent not supported in <b>/var/www/html/orokonui/resource/datahandling/submit.php</b> on line <b>200</b><br />
the77.538.7519.3759.68754.843752.4218751.21093750.60546875successUPDATE sensor_data SET `processed?`='1' WHERE `id`=11001470370672.25
the77.538.7519.3759.68754.843752.4218751.21093750.60546875successUPDATE sensor_data SET `processed?`='1' WHERE `id`=11011470370709.43
the77.538.7519.3759.68754.843752.4218751.21093750.60546875successUPDATE sensor_data SET `processed?`='1' WHERE `id`=11021470433254.64
the77.538.7519.3759.68754.843752.4218751.21093750.60546875successUPDATE sensor_data SET `processed?`='1' WHERE `id`=11031470433299.03
the77.538.7519.3759.68754.843752.4218751.21093750.60546875successUPDATE sensor_data SET `processed?`='1' WHERE `id`=11041470436899.77
the77.538.7519.3759.68754.843752.4218751.21093750.60546875successUPDATE sensor_data SET `processed?`='1' WHERE `id`=11051470436909.59
the77.538.7519.3759.68754.843752.4218751.21093750.60546875successUPDATE sensor_data SET `processed?`='1' WHERE `id`=11061470436955.41
the77.538.7519.3759.68754.843752.4218751.21093750.60546875successUPDATE sensor_data SET `processed?`='1' WHERE `id`=11071470436978.19
the77.538.7519.3759.68754.843752.4218751.21093750.60546875successUPDATE sensor_data SET `processed?`='1' WHERE `id`=11081470438712.63
the77.538.7519.3759.68754.843752.4218751.21093750.60546875successUPDATE sensor_data SET `processed?`='1' WHERE `id`=11091470438718.57
the77.538.7519.3759.68754.843752.4218751.21093750.60546875successUPDATE sensor_data SET `processed?`='1' WHERE `id`=11101470438724.69
the77.538.7519.3759.68754.843752.4218751.21093750.60546875successUPDATE sensor_data SET `processed?`='1' WHERE `id`=11111470438729.52
the77.538.7519.3759.68754.843752.4218751.21093750.60546875successworking64221838769		The example gate is open.64221838769Response : Array
(
    [api_id] => d1860354-5b62-11e6-8ede-02ed609bd62b
    [message] => message(s) queued
    [message_uuid] => Array
        (
            [0] => aec66efe-3cdc-4a4f-95fa-9b0c8f35fe7b
        )

)
<br> Api ID : d1860354-5b62-11e6-8ede-02ed609bd62b <br>Message UUID : aec66efe-3cdc-4a4f-95fa-9b0c8f35fe7b <br>UPDATE sensor_data SET `processed?`='1' WHERE `id`=11121470439066.36
the77.538.7519.3759.68754.843752.4218751.21093750.60546875successUPDATE sensor_data SET `processed?`='1' WHERE `id`=11131470535518.71
the77.538.7519.3759.68754.843752.4218751.21093750.60546875successworking64221838769		The example gate is open.64221838769Response : Array
(
    [api_id] => c578ab7a-5c43-11e6-8535-02a2d2e31b81
    [message] => message(s) queued
    [message_uuid] => Array
        (
            [0] => 06395787-cb73-4b03-8827-df44e4249553
        )

)
<br> Api ID : c578ab7a-5c43-11e6-8535-02a2d2e31b81 <br>Message UUID : 06395787-cb73-4b03-8827-df44e4249553 <br>UPDATE sensor_data SET `processed?`='1' WHERE `id`=11141470535683.0
the77.538.7519.3759.68754.843752.4218751.21093750.60546875successUPDATE sensor_data SET `processed?`='1' WHERE `id`=11151470535747.05
the77.538.7519.3759.68754.843752.4218751.21093750.60546875successUPDATE sensor_data SET `processed?`='1' WHERE `id`=11161470535748.36
<br />
<b>Warning</b>:  gmp_pow(): Negative exponent not supported in <b>/var/www/html/orokonui/resource/datahandling/submit.php</b> on line <b>226</b><br />
the77.538.7519.3759.68754.843752.4218751.21093750.60546875successworking64221838769		The example gate is open.64221838769Response : Array
(
    [api_id] => 2422f9b8-5c45-11e6-8535-02a2d2e31b81
    [message] => message(s) queued
    [message_uuid] => Array
        (
            [0] => 1a5270ae-5368-4c66-b8cc-bc2d1a69fb60
        )

)
<br> Api ID : 2422f9b8-5c45-11e6-8535-02a2d2e31b81 <br>Message UUID : 1a5270ae-5368-4c66-b8cc-bc2d1a69fb60 <br>UPDATE sensor_data SET `processed?`='1' WHERE `id`=11171470536271.3
<br />
<b>Warning</b>:  gmp_pow(): Negative exponent not supported in <b>/var/www/html/orokonui/resource/datahandling/submit.php</b> on line <b>226</b><br />
the77.538.7519.3759.68754.843752.4218751.21093750.60546875successUPDATE sensor_data SET `processed?`='1' WHERE `id`=11181470603185.06
the77.538.7519.3759.68754.843752.4218751.21093750.60546875successUPDATE sensor_data SET `processed?`='1' WHERE `id`=11191470603222.31
the77.538.7519.3759.68754.843752.4218751.21093750.60546875successUPDATE sensor_data SET `processed?`='1' WHERE `id`=11201470603311.09
the77.538.7519.3759.68754.843752.4218751.21093750.60546875successworking64221838769		The example gate is open.64221838769Response : Array
(
    [api_id] => 81496694-5ce1-11e6-8ede-02ed609bd62b
    [message] => message(s) queued
    [message_uuid] => Array
        (
            [0] => 0494c3e6-2b61-4f89-8507-80bc53f4b0b5
        )

)
<br> Api ID : 81496694-5ce1-11e6-8ede-02ed609bd62b <br>Message UUID : 0494c3e6-2b61-4f89-8507-80bc53f4b0b5 <br>UPDATE sensor_data SET `processed?`='1' WHERE `id`=11211470603429.13
the77.538.7519.3759.68754.843752.4218751.21093750.60546875successUPDATE sensor_data SET `processed?`='1' WHERE `id`=11221470603475.72
the77.538.7519.3759.68754.843752.4218751.21093750.60546875successUPDATE sensor_data SET `processed?`='1' WHERE `id`=11231470603492.66
the77.538.7519.3759.68754.843752.4218751.21093750.60546875successUPDATE sensor_data SET `processed?`='1' WHERE `id`=11241470603498.4
the77.538.7519.3759.68754.843752.4218751.21093750.60546875successUPDATE sensor_data SET `processed?`='1' WHERE `id`=11251470603510.3
the77.538.7519.3759.68754.843752.4218751.21093750.60546875successUPDATE sensor_data SET `processed?`='1' WHERE `id`=11261470603587.98
the77.538.7519.3759.68754.843752.4218751.21093750.60546875successUPDATE sensor_data SET `processed?`='1' WHERE `id`=11271470603609.39
the77.538.7519.3759.68754.843752.4218751.21093750.60546875successUPDATE sensor_data SET `processed?`='1' WHERE `id`=11281470603620.86
the77.538.7519.3759.68754.843752.4218751.21093750.60546875successworking64221838769		The example gate is open.64221838769Response : Array
(
    [api_id] => f5bb9dbc-5ce1-11e6-8535-02a2d2e31b81
    [message] => message(s) queued
    [message_uuid] => Array
        (
            [0] => c50a0a18-1145-4248-a9c6-29ac7e6bbb8f
        )

)
<br> Api ID : f5bb9dbc-5ce1-11e6-8535-02a2d2e31b81 <br>Message UUID : c50a0a18-1145-4248-a9c6-29ac7e6bbb8f <br>UPDATE sensor_data SET `processed?`='1' WHERE `id`=11291470603624.4
the77.538.7519.3759.68754.843752.4218751.21093750.60546875successworking64221838769		The example gate is open.64221838769Response : Array
(
    [api_id] => 2415e898-5ce2-11e6-8535-02a2d2e31b81
    [message] => message(s) queued
    [message_uuid] => Array
        (
            [0] => 62ebba5a-a3d5-4829-a30e-0ce05511edce
        )

)
<br> Api ID : 2415e898-5ce2-11e6-8535-02a2d2e31b81 <br>Message UUID : 62ebba5a-a3d5-4829-a30e-0ce05511edce <br>UPDATE sensor_data SET `processed?`='1' WHERE `id`=11301470603702.18
the77.538.7519.3759.68754.843752.4218751.21093750.60546875successUPDATE sensor_data SET `processed?`='1' WHERE `id`=11311470603718.95
the77.538.7519.3759.68754.843752.4218751.21093750.60546875successUPDATE sensor_data SET `processed?`='1' WHERE `id`=11321470603759.1
the77.538.7519.3759.68754.843752.4218751.21093750.60546875successUPDATE sensor_data SET `processed?`='1' WHERE `id`=11331470603767.93
the77.538.7519.3759.68754.843752.4218751.21093750.60546875successworking64221838769		The example gate is open.64221838769Response : Array
(
    [api_id] => 6c77b4ee-5ce3-11e6-8ede-02ed609bd62b
    [message] => message(s) queued
    [message_uuid] => Array
        (
            [0] => 84641b6c-7668-490f-ac63-3162302df261
        )

)
<br> Api ID : 6c77b4ee-5ce3-11e6-8ede-02ed609bd62b <br>Message UUID : 84641b6c-7668-490f-ac63-3162302df261 <br>UPDATE sensor_data SET `processed?`='1' WHERE `id`=11341470604253.12
the77.538.7519.3759.68754.843752.4218751.21093750.60546875successworking64221838769		The example gate is open.64221838769Response : Array
(
    [api_id] => 789b0c1c-5ce3-11e6-8535-02a2d2e31b81
    [message] => message(s) queued
    [message_uuid] => Array
        (
            [0] => 2d466812-dddc-445f-b10b-46a613ac52e5
        )

)
<br> Api ID : 789b0c1c-5ce3-11e6-8535-02a2d2e31b81 <br>Message UUID : 2d466812-dddc-445f-b10b-46a613ac52e5 <br>UPDATE sensor_data SET `processed?`='1' WHERE `id`=11351470604273.47
the77.538.7519.3759.68754.843752.4218751.21093750.60546875successworking64221838769		The example gate is open.64221838769Response : Array
(
    [api_id] => 8931eda2-5ce3-11e6-8535-02a2d2e31b81
    [message] => message(s) queued
    [message_uuid] => Array
        (
            [0] => 10f9e626-98c2-47c5-ae17-ccf8ca906fc5
        )

)
<br> Api ID : 8931eda2-5ce3-11e6-8535-02a2d2e31b81 <br>Message UUID : 10f9e626-98c2-47c5-ae17-ccf8ca906fc5 <br>UPDATE sensor_data SET `processed?`='1' WHERE `id`=11361470604301.46
the77.538.7519.3759.68754.843752.4218751.21093750.60546875successworking64221838769		The example gate is open.64221838769Response : Array
(
    [api_id] => 8ce34c3e-5ce3-11e6-8535-02a2d2e31b81
    [message] => message(s) queued
    [message_uuid] => Array
        (
            [0] => 0c749428-bf90-4c41-90e2-040631b5abd5
        )

)
<br> Api ID : 8ce34c3e-5ce3-11e6-8535-02a2d2e31b81 <br>Message UUID : 0c749428-bf90-4c41-90e2-040631b5abd5 <br>UPDATE sensor_data SET `processed?`='1' WHERE `id`=11371470604307.54
the77.538.7519.3759.68754.843752.4218751.21093750.60546875successUPDATE sensor_data SET `processed?`='1' WHERE `id`=11381470606087.29
the77.538.7519.3759.68754.843752.4218751.21093750.60546875successworking64221838769		The example gate is open.64221838769Response : Array
(
    [api_id] => 5244df60-5cee-11e6-8ede-02ed609bd62b
    [message] => message(s) queued
    [message_uuid] => Array
        (
            [0] => 9c97a8dd-6217-4ccd-8a46-9c30682a3060
        )

)
<br> Api ID : 5244df60-5cee-11e6-8ede-02ed609bd62b <br>Message UUID : 9c97a8dd-6217-4ccd-8a46-9c30682a3060 <br>UPDATE sensor_data SET `processed?`='1' WHERE `id`=11391470608933.61
the77.538.7519.3759.68754.843752.4218751.21093750.60546875successworking64221838769		The example gate is open.64221838769Response : Array
(
    [api_id] => 5f333f1e-5cee-11e6-8535-02a2d2e31b81
    [message] => message(s) queued
    [message_uuid] => Array
        (
            [0] => 0dd25c86-314a-4885-a19b-6d9b3c64da16
        )

)
<br> Api ID : 5f333f1e-5cee-11e6-8535-02a2d2e31b81 <br>Message UUID : 0dd25c86-314a-4885-a19b-6d9b3c64da16 <br>UPDATE sensor_data SET `processed?`='1' WHERE `id`=11401470608955.29
the77.538.7519.3759.68754.843752.4218751.21093750.60546875successworking64221838769		The example gate is open.64221838769Response : Array
(
    [api_id] => 8fb0ba36-5cee-11e6-8ede-02ed609bd62b
    [message] => message(s) queued
    [message_uuid] => Array
        (
            [0] => c43945c6-93a5-46b2-b0f8-c2ff46d7d327
        )

)
<br> Api ID : 8fb0ba36-5cee-11e6-8ede-02ed609bd62b <br>Message UUID : c43945c6-93a5-46b2-b0f8-c2ff46d7d327 <br>UPDATE sensor_data SET `processed?`='1' WHERE `id`=11411470609036.64
